# JRE version: OpenJDK Runtime Environment (8.0_152-b01) (build 1.8.0_152-release-915-b01)
# Java VM: OpenJDK 64-Bit Server VM (25.152-b01 mixed mode windows-amd64 compressed oops)
Heap:
 PSYoungGen      total 312320K, used 79274K [0x00000000e0000000, 0x00000000f8a80000, 0x0000000100000000)
  eden space 281600K, 27% used [0x00000000e0000000,0x00000000e4c26970,0x00000000f1300000)
  from space 30720K, 4% used [0x00000000f1300000,0x00000000f1444010,0x00000000f3100000)
  to   space 30208K, 0% used [0x00000000f6d00000,0x00000000f6d00000,0x00000000f8a80000)
 ParOldGen       total 141312K, used 90063K [0x00000000a0000000, 0x00000000a8a00000, 0x00000000e0000000)
  object space 141312K, 63% used [0x00000000a0000000,0x00000000a57f3ff8,0x00000000a8a00000)
 Metaspace       used 81441K, capacity 86202K, committed 86488K, reserved 1124352K
  class space    used 10353K, capacity 11411K, committed 11520K, reserved 1048576K
GC Heap History (10 events):
Event: 510.226 GC heap before
{Heap before GC invocations=26 (full 3):
 PSYoungGen      total 202752K, used 178469K [0x00000000e0000000, 0x00000000ee980000, 0x0000000100000000)
  eden space 172544K, 99% used [0x00000000e0000000,0x00000000ea87d010,0x00000000ea880000)
  from space 30208K, 19% used [0x00000000ecc00000,0x00000000ed1cc4f0,0x00000000ee980000)
  to   space 33280K, 0% used [0x00000000ea880000,0x00000000ea880000,0x00000000ec900000)
 ParOldGen       total 141312K, used 83800K [0x00000000a0000000, 0x00000000a8a00000, 0x00000000e0000000)
  object space 141312K, 59% used [0x00000000a0000000,0x00000000a51d6248,0x00000000a8a00000)
 Metaspace       used 80615K, capacity 84952K, committed 85080K, reserved 1122304K
  class space    used 10295K, capacity 11272K, committed 11392K, reserved 1048576K
Event: 510.230 GC heap after
Heap after GC invocations=26 (full 3):
 PSYoungGen      total 205824K, used 2711K [0x00000000e0000000, 0x00000000f1e80000, 0x0000000100000000)
  eden space 172544K, 0% used [0x00000000e0000000,0x00000000e0000000,0x00000000ea880000)
  from space 33280K, 8% used [0x00000000ea880000,0x00000000eab25db8,0x00000000ec900000)
  to   space 32768K, 0% used [0x00000000efe80000,0x00000000efe80000,0x00000000f1e80000)
 ParOldGen       total 141312K, used 83800K [0x00000000a0000000, 0x00000000a8a00000, 0x00000000e0000000)
  object space 141312K, 59% used [0x00000000a0000000,0x00000000a51d6248,0x00000000a8a00000)
 Metaspace       used 80615K, capacity 84952K, committed 85080K, reserved 1122304K
  class space    used 10295K, capacity 11272K, committed 11392K, reserved 1048576K
}
Event: 510.247 GC heap before
{Heap before GC invocations=27 (full 3):
 PSYoungGen      total 205824K, used 174575K [0x00000000e0000000, 0x00000000f1e80000, 0x0000000100000000)
  eden space 172544K, 99% used [0x00000000e0000000,0x00000000ea7d5f60,0x00000000ea880000)
  from space 33280K, 8% used [0x00000000ea880000,0x00000000eab25db8,0x00000000ec900000)
  to   space 32768K, 0% used [0x00000000efe80000,0x00000000efe80000,0x00000000f1e80000)
 ParOldGen       total 141312K, used 83800K [0x00000000a0000000, 0x00000000a8a00000, 0x00000000e0000000)
  object space 141312K, 59% used [0x00000000a0000000,0x00000000a51d6248,0x00000000a8a00000)
 Metaspace       used 80617K, capacity 84952K, committed 85080K, reserved 1122304K
  class space    used 10295K, capacity 11272K, committed 11392K, reserved 1048576K
Event: 510.251 GC heap after
Heap after GC invocations=27 (full 3):
 PSYoungGen      total 260096K, used 64K [0x00000000e0000000, 0x00000000f2400000, 0x0000000100000000)
  eden space 227328K, 0% used [0x00000000e0000000,0x00000000e0000000,0x00000000ede00000)
  from space 32768K, 0% used [0x00000000efe80000,0x00000000efe90000,0x00000000f1e80000)
  to   space 33280K, 0% used [0x00000000ede00000,0x00000000ede00000,0x00000000efe80000)
 ParOldGen       total 141312K, used 85652K [0x00000000a0000000, 0x00000000a8a00000, 0x00000000e0000000)
  object space 141312K, 60% used [0x00000000a0000000,0x00000000a53a50d8,0x00000000a8a00000)
 Metaspace       used 80617K, capacity 84952K, committed 85080K, reserved 1122304K
  class space    used 10295K, capacity 11272K, committed 11392K, reserved 1048576K
}
Event: 620.112 GC heap before
{Heap before GC invocations=28 (full 3):
 PSYoungGen      total 260096K, used 227392K [0x00000000e0000000, 0x00000000f2400000, 0x0000000100000000)
  eden space 227328K, 100% used [0x00000000e0000000,0x00000000ede00000,0x00000000ede00000)
  from space 32768K, 0% used [0x00000000efe80000,0x00000000efe90000,0x00000000f1e80000)
  to   space 33280K, 0% used [0x00000000ede00000,0x00000000ede00000,0x00000000efe80000)
 ParOldGen       total 141312K, used 85652K [0x00000000a0000000, 0x00000000a8a00000, 0x00000000e0000000)
  object space 141312K, 60% used [0x00000000a0000000,0x00000000a53a50d8,0x00000000a8a00000)
 Metaspace       used 80836K, capacity 85240K, committed 85336K, reserved 1124352K
  class space    used 10318K, capacity 11328K, committed 11392K, reserved 1048576K
Event: 620.121 GC heap after
Heap after GC invocations=28 (full 3):
 PSYoungGen      total 260608K, used 3628K [0x00000000e0000000, 0x00000000f5480000, 0x0000000100000000)
  eden space 227328K, 0% used [0x00000000e0000000,0x00000000e0000000,0x00000000ede00000)
  from space 33280K, 10% used [0x00000000ede00000,0x00000000ee18b3c0,0x00000000efe80000)
  to   space 32256K, 0% used [0x00000000f3500000,0x00000000f3500000,0x00000000f5480000)
 ParOldGen       total 141312K, used 85692K [0x00000000a0000000, 0x00000000a8a00000, 0x00000000e0000000)
  object space 141312K, 60% used [0x00000000a0000000,0x00000000a53af0d8,0x00000000a8a00000)
 Metaspace       used 80836K, capacity 85240K, committed 85336K, reserved 1124352K
  class space    used 10318K, capacity 11328K, committed 11392K, reserved 1048576K
}
Event: 623.461 GC heap before
{Heap before GC invocations=29 (full 3):
 PSYoungGen      total 260608K, used 229937K [0x00000000e0000000, 0x00000000f5480000, 0x0000000100000000)
  eden space 227328K, 99% used [0x00000000e0000000,0x00000000edd01248,0x00000000ede00000)
  from space 33280K, 10% used [0x00000000ede00000,0x00000000ee18b3c0,0x00000000efe80000)
  to   space 32256K, 0% used [0x00000000f3500000,0x00000000f3500000,0x00000000f5480000)
 ParOldGen       total 141312K, used 85692K [0x00000000a0000000, 0x00000000a8a00000, 0x00000000e0000000)
  object space 141312K, 60% used [0x00000000a0000000,0x00000000a53af0d8,0x00000000a8a00000)
 Metaspace       used 81085K, capacity 85600K, committed 85848K, reserved 1124352K
  class space    used 10327K, capacity 11344K, committed 11392K, reserved 1048576K
Event: 623.474 GC heap after
Heap after GC invocations=29 (full 3):
 PSYoungGen      total 308224K, used 11755K [0x00000000e0000000, 0x00000000f4f00000, 0x0000000100000000)
  eden space 281600K, 0% used [0x00000000e0000000,0x00000000e0000000,0x00000000f1300000)
  from space 26624K, 44% used [0x00000000f3500000,0x00000000f407ae88,0x00000000f4f00000)
  to   space 30720K, 0% used [0x00000000f1300000,0x00000000f1300000,0x00000000f3100000)
 ParOldGen       total 141312K, used 88196K [0x00000000a0000000, 0x00000000a8a00000, 0x00000000e0000000)
  object space 141312K, 62% used [0x00000000a0000000,0x00000000a5621278,0x00000000a8a00000)
 Metaspace       used 81085K, capacity 85600K, committed 85848K, reserved 1124352K
  class space    used 10327K, capacity 11344K, committed 11392K, reserved 1048576K
}
Event: 1150.151 GC heap before
{Heap before GC invocations=30 (full 3):
 PSYoungGen      total 308224K, used 293355K [0x00000000e0000000, 0x00000000f4f00000, 0x0000000100000000)
  eden space 281600K, 100% used [0x00000000e0000000,0x00000000f1300000,0x00000000f1300000)
  from space 26624K, 44% used [0x00000000f3500000,0x00000000f407ae88,0x00000000f4f00000)
  to   space 30720K, 0% used [0x00000000f1300000,0x00000000f1300000,0x00000000f3100000)
 ParOldGen       total 141312K, used 88196K [0x00000000a0000000, 0x00000000a8a00000, 0x00000000e0000000)
  object space 141312K, 62% used [0x00000000a0000000,0x00000000a5621278,0x00000000a8a00000)
 Metaspace       used 81270K, capacity 85808K, committed 85848K, reserved 1124352K
  class space    used 10340K, capacity 11388K, committed 11392K, reserved 1048576K
Event: 1150.158 GC heap after
Heap after GC invocations=30 (full 3):
 PSYoungGen      total 312320K, used 1296K [0x00000000e0000000, 0x00000000f8a80000, 0x0000000100000000)
  eden space 281600K, 0% used [0x00000000e0000000,0x00000000e0000000,0x00000000f1300000)
  from space 30720K, 4% used [0x00000000f1300000,0x00000000f1444010,0x00000000f3100000)
  to   space 30208K, 0% used [0x00000000f6d00000,0x00000000f6d00000,0x00000000f8a80000)
 ParOldGen       total 141312K, used 90063K [0x00000000a0000000, 0x00000000a8a00000, 0x00000000e0000000)
  object space 141312K, 63% used [0x00000000a0000000,0x00000000a57f3ff8,0x00000000a8a00000)
 Metaspace       used 81270K, capacity 85808K, committed 85848K, reserved 1124352K
  class space    used 10340K, capacity 11388K, committed 11392K, reserved 1048576K
}

