# JRE version: OpenJDK Runtime Environment (8.0_152-b01) (build 1.8.0_152-release-915-b01)
# Java VM: OpenJDK 64-Bit Server VM (25.152-b01 mixed mode windows-amd64 compressed oops)
Heap:
 PSYoungGen      total 479232K, used 471937K [0x00000000e0000000, 0x0000000100000000, 0x0000000100000000)
  eden space 444416K, 98% used [0x00000000e0000000,0x00000000faae84a0,0x00000000fb200000)
  from space 34816K, 99% used [0x00000000fde00000,0x00000000ffff81c8,0x0000000100000000)
  to   space 39936K, 0% used [0x00000000fb200000,0x00000000fb200000,0x00000000fd900000)
 ParOldGen       total 199168K, used 60643K [0x00000000a0000000, 0x00000000ac280000, 0x00000000e0000000)
  object space 199168K, 30% used [0x00000000a0000000,0x00000000a3b38cc8,0x00000000ac280000)
 Metaspace       used 93223K, capacity 102482K, committed 102744K, reserved 1138688K
  class space    used 11716K, capacity 13925K, committed 13952K, reserved 1048576K
GC Heap History (10 events):
Event: 5216.274 GC heap before
{Heap before GC invocations=40 (full 4):
 PSYoungGen      total 485888K, used 468278K [0x00000000e0000000, 0x00000000ffe00000, 0x0000000100000000)
  eden space 449536K, 100% used [0x00000000e0000000,0x00000000fb700000,0x00000000fb700000)
  from space 36352K, 51% used [0x00000000fb700000,0x00000000fc94d890,0x00000000fda80000)
  to   space 34816K, 0% used [0x00000000fdc00000,0x00000000fdc00000,0x00000000ffe00000)
 ParOldGen       total 199168K, used 58785K [0x00000000a0000000, 0x00000000ac280000, 0x00000000e0000000)
  object space 199168K, 29% used [0x00000000a0000000,0x00000000a3968540,0x00000000ac280000)
 Metaspace       used 90477K, capacity 98008K, committed 99048K, reserved 1134592K
  class space    used 11240K, capacity 12935K, committed 13184K, reserved 1048576K
Event: 5216.304 GC heap after
Heap after GC invocations=40 (full 4):
 PSYoungGen      total 487424K, used 22833K [0x00000000e0000000, 0x00000000ffe80000, 0x0000000100000000)
  eden space 452608K, 0% used [0x00000000e0000000,0x00000000e0000000,0x00000000fba00000)
  from space 34816K, 65% used [0x00000000fdc00000,0x00000000ff24c6f0,0x00000000ffe00000)
  to   space 34816K, 0% used [0x00000000fba00000,0x00000000fba00000,0x00000000fdc00000)
 ParOldGen       total 199168K, used 58793K [0x00000000a0000000, 0x00000000ac280000, 0x00000000e0000000)
  object space 199168K, 29% used [0x00000000a0000000,0x00000000a396a540,0x00000000ac280000)
 Metaspace       used 90477K, capacity 98008K, committed 99048K, reserved 1134592K
  class space    used 11240K, capacity 12935K, committed 13184K, reserved 1048576K
}
Event: 5292.770 GC heap before
{Heap before GC invocations=41 (full 4):
 PSYoungGen      total 487424K, used 475441K [0x00000000e0000000, 0x00000000ffe80000, 0x0000000100000000)
  eden space 452608K, 100% used [0x00000000e0000000,0x00000000fba00000,0x00000000fba00000)
  from space 34816K, 65% used [0x00000000fdc00000,0x00000000ff24c6f0,0x00000000ffe00000)
  to   space 34816K, 0% used [0x00000000fba00000,0x00000000fba00000,0x00000000fdc00000)
 ParOldGen       total 199168K, used 58793K [0x00000000a0000000, 0x00000000ac280000, 0x00000000e0000000)
  object space 199168K, 29% used [0x00000000a0000000,0x00000000a396a540,0x00000000ac280000)
 Metaspace       used 90726K, capacity 98488K, committed 99288K, reserved 1134592K
  class space    used 11271K, capacity 13031K, committed 13312K, reserved 1048576K
Event: 5292.791 GC heap after
Heap after GC invocations=41 (full 4):
 PSYoungGen      total 487424K, used 24095K [0x00000000e0000000, 0x0000000100000000, 0x0000000100000000)
  eden space 452608K, 0% used [0x00000000e0000000,0x00000000e0000000,0x00000000fba00000)
  from space 34816K, 69% used [0x00000000fba00000,0x00000000fd187fd8,0x00000000fdc00000)
  to   space 35328K, 0% used [0x00000000fdd80000,0x00000000fdd80000,0x0000000100000000)
 ParOldGen       total 199168K, used 58801K [0x00000000a0000000, 0x00000000ac280000, 0x00000000e0000000)
  object space 199168K, 29% used [0x00000000a0000000,0x00000000a396c540,0x00000000ac280000)
 Metaspace       used 90726K, capacity 98488K, committed 99288K, reserved 1134592K
  class space    used 11271K, capacity 13031K, committed 13312K, reserved 1048576K
}
Event: 5397.679 GC heap before
{Heap before GC invocations=42 (full 4):
 PSYoungGen      total 487424K, used 476703K [0x00000000e0000000, 0x0000000100000000, 0x0000000100000000)
  eden space 452608K, 100% used [0x00000000e0000000,0x00000000fba00000,0x00000000fba00000)
  from space 34816K, 69% used [0x00000000fba00000,0x00000000fd187fd8,0x00000000fdc00000)
  to   space 35328K, 0% used [0x00000000fdd80000,0x00000000fdd80000,0x0000000100000000)
 ParOldGen       total 199168K, used 58801K [0x00000000a0000000, 0x00000000ac280000, 0x00000000e0000000)
  object space 199168K, 29% used [0x00000000a0000000,0x00000000a396c540,0x00000000ac280000)
 Metaspace       used 91114K, capacity 99138K, committed 99928K, reserved 1136640K
  class space    used 11313K, capacity 13166K, committed 13440K, reserved 1048576K
Event: 5397.699 GC heap after
Heap after GC invocations=42 (full 4):
 PSYoungGen      total 486912K, used 17948K [0x00000000e0000000, 0x00000000ffd80000, 0x0000000100000000)
  eden space 454144K, 0% used [0x00000000e0000000,0x00000000e0000000,0x00000000fbb80000)
  from space 32768K, 54% used [0x00000000fdd80000,0x00000000fef072d8,0x00000000ffd80000)
  to   space 33792K, 0% used [0x00000000fbb80000,0x00000000fbb80000,0x00000000fdc80000)
 ParOldGen       total 199168K, used 58809K [0x00000000a0000000, 0x00000000ac280000, 0x00000000e0000000)
  object space 199168K, 29% used [0x00000000a0000000,0x00000000a396e540,0x00000000ac280000)
 Metaspace       used 91114K, capacity 99138K, committed 99928K, reserved 1136640K
  class space    used 11313K, capacity 13166K, committed 13440K, reserved 1048576K
}
Event: 5454.857 GC heap before
{Heap before GC invocations=43 (full 4):
 PSYoungGen      total 486912K, used 472092K [0x00000000e0000000, 0x00000000ffd80000, 0x0000000100000000)
  eden space 454144K, 100% used [0x00000000e0000000,0x00000000fbb80000,0x00000000fbb80000)
  from space 32768K, 54% used [0x00000000fdd80000,0x00000000fef072d8,0x00000000ffd80000)
  to   space 33792K, 0% used [0x00000000fbb80000,0x00000000fbb80000,0x00000000fdc80000)
 ParOldGen       total 199168K, used 58809K [0x00000000a0000000, 0x00000000ac280000, 0x00000000e0000000)
  object space 199168K, 29% used [0x00000000a0000000,0x00000000a396e540,0x00000000ac280000)
 Metaspace       used 92733K, capacity 101606K, committed 101848K, reserved 1136640K
  class space    used 11660K, capacity 13763K, committed 13824K, reserved 1048576K
Event: 5454.914 GC heap after
Heap after GC invocations=43 (full 4):
 PSYoungGen      total 487936K, used 25747K [0x00000000e0000000, 0x0000000100000000, 0x0000000100000000)
  eden space 454144K, 0% used [0x00000000e0000000,0x00000000e0000000,0x00000000fbb80000)
  from space 33792K, 76% used [0x00000000fbb80000,0x00000000fd4a4d60,0x00000000fdc80000)
  to   space 34816K, 0% used [0x00000000fde00000,0x00000000fde00000,0x0000000100000000)
 ParOldGen       total 199168K, used 58817K [0x00000000a0000000, 0x00000000ac280000, 0x00000000e0000000)
  object space 199168K, 29% used [0x00000000a0000000,0x00000000a3970540,0x00000000ac280000)
 Metaspace       used 92733K, capacity 101606K, committed 101848K, reserved 1136640K
  class space    used 11660K, capacity 13763K, committed 13824K, reserved 1048576K
}
Event: 5696.837 GC heap before
{Heap before GC invocations=44 (full 4):
 PSYoungGen      total 487936K, used 479071K [0x00000000e0000000, 0x0000000100000000, 0x0000000100000000)
  eden space 454144K, 99% used [0x00000000e0000000,0x00000000fbab3130,0x00000000fbb80000)
  from space 33792K, 76% used [0x00000000fbb80000,0x00000000fd4a4d60,0x00000000fdc80000)
  to   space 34816K, 0% used [0x00000000fde00000,0x00000000fde00000,0x0000000100000000)
 ParOldGen       total 199168K, used 58817K [0x00000000a0000000, 0x00000000ac280000, 0x00000000e0000000)
  object space 199168K, 29% used [0x00000000a0000000,0x00000000a3970540,0x00000000ac280000)
 Metaspace       used 92883K, capacity 101796K, committed 101848K, reserved 1136640K
  class space    used 11671K, capacity 13804K, committed 13824K, reserved 1048576K
Event: 5696.870 GC heap after
Heap after GC invocations=44 (full 4):
 PSYoungGen      total 479232K, used 34784K [0x00000000e0000000, 0x0000000100000000, 0x0000000100000000)
  eden space 444416K, 0% used [0x00000000e0000000,0x00000000e0000000,0x00000000fb200000)
  from space 34816K, 99% used [0x00000000fde00000,0x00000000ffff81c8,0x0000000100000000)
  to   space 39936K, 0% used [0x00000000fb200000,0x00000000fb200000,0x00000000fd900000)
 ParOldGen       total 199168K, used 60643K [0x00000000a0000000, 0x00000000ac280000, 0x00000000e0000000)
  object space 199168K, 30% used [0x00000000a0000000,0x00000000a3b38cc8,0x00000000ac280000)
 Metaspace       used 92883K, capacity 101796K, committed 101848K, reserved 1136640K
  class space    used 11671K, capacity 13804K, committed 13824K, reserved 1048576K
}

